<?xml version="1.0" encoding="UTF-8"?>
<testsuite xmlns:xsi="http://www.w3.org/2001/XMLSchema-instance" xsi:noNamespaceSchemaLocation="https://maven.apache.org/surefire/maven-surefire-plugin/xsd/surefire-test-report-3.0.xsd" version="3.0" name="com.calculator.calculatorapi.service.calculation.StringOperationServiceTest" time="0.134" tests="4" errors="0" skipped="0" failures="0">
  <properties>
[...]
</properties>
  <testcase name="testProcessOperationWithInsufficientBalance" classname="com.calculator.calculatorapi.service.calculation.StringOperationServiceTest" time="0.037"/>
  <testcase name="testProcessOperationWithValidOperationType" classname="com.calculator.calculatorapi.service.calculation.StringOperationServiceTest" time="0.037"/>
  <testcase name="testProcessOperationWithInvalidOperationType" classname="com.calculator.calculatorapi.service.calculation.StringOperationServiceTest" time="0.029"/>
  <testcase name="testProcessOperationWithUnrecognizedUser" classname="com.calculator.calculatorapi.service.calculation.StringOperationServiceTest" time="0.028"/>
</testsuite>